<?xml version="1.0" encoding="UTF-8"?>
<testsuite name="tiralabratest.domain.TrieNodeTest" tests="3" skipped="0" failures="0" errors="0" timestamp="2021-03-27T16:25:38" hostname="lx9-fuxi124" time="0.002">
  <properties/>
  <testcase name="creatingTrieNodeSuccess" classname="tiralabratest.domain.TrieNodeTest" time="0.001"/>
  <testcase name="settingParentWorks" classname="tiralabratest.domain.TrieNodeTest" time="0.0"/>
  <testcase name="settingChildWorks" classname="tiralabratest.domain.TrieNodeTest" time="0.0"/>
  <system-out><![CDATA[]]></system-out>
  <system-err><![CDATA[]]></system-err>
</testsuite>
